Base path: /Applications/Unity/Unity.app/Contents
Pipe name: \\.\pipe\UnityShaderCompiler-1--1605340716
Cmd: getPlatforms
Cmd: preprocess
  insize=1185 outsize=408 ok=1
Cmd: compileSnippet
  api=0 type=0 insize=713 outsize=281 kw= ok=1
Cmd: compileSnippet
  api=0 type=1 insize=713 outsize=136 kw= ok=1
Cmd: compileSnippet
  api=0 type=0 insize=667 outsize=281 kw= ok=1
Cmd: compileSnippet
  api=0 type=1 insize=667 outsize=101 kw= ok=1
Cmd: preprocess
  insize=1601 outsize=192 ok=1
Cmd: compileSnippet
  api=0 type=0 insize=1709 outsize=3568 kw= ok=1
Cmd: compileSnippet
  api=0 type=1 insize=1709 outsize=256 kw= ok=1
Cmd: preprocess
  insize=1159 outsize=381 ok=1
Cmd: compileSnippet
  api=0 type=0 insize=713 outsize=281 kw= ok=1
Cmd: compileSnippet
  api=0 type=1 insize=713 outsize=136 kw= ok=1
Cmd: compileSnippet
  api=0 type=0 insize=667 outsize=281 kw= ok=1
Cmd: compileSnippet
  api=0 type=1 insize=667 outsize=101 kw= ok=1
Cmd: preprocess
  insize=137 outsize=137 ok=1
Cmd: preprocess
  insize=1048 outsize=208 ok=1
Cmd: compileSnippet
  api=0 type=0 insize=1140 outsize=395 kw= ok=1
Cmd: compileSnippet
  api=0 type=1 insize=1140 outsize=454 kw= ok=1
Cmd: preprocess
  insize=766 outsize=215 ok=1
Cmd: compileSnippet
  api=0 type=0 insize=851 outsize=325 kw= ok=1
Cmd: compileSnippet
  api=0 type=1 insize=851 outsize=213 kw= ok=1
Cmd: preprocess
  insize=787 outsize=189 ok=1
Cmd: compileSnippet
  api=0 type=0 insize=897 outsize=358 kw= ok=1
Cmd: compileSnippet
  api=0 type=1 insize=897 outsize=213 kw= ok=1
